SF:lib/src/domain/base_repository.dart
DA:25,1
DA:33,1
DA:34,3
DA:41,1
DA:47,1
DA:48,2
DA:49,1
DA:50,1
DA:58,0
DA:66,0
DA:67,0
DA:69,0
DA:70,0
LF:13
LH:8
end_of_record
SF:lib/src/domain/use_case.dart
DA:15,0
DA:17,0
DA:18,0
DA:20,0
DA:53,1
DA:61,2
DA:66,0
DA:71,0
DA:78,0
DA:83,0
LF:10
LH:2
end_of_record
SF:lib/src/navigation/app_navigator.dart
DA:37,0
DA:41,0
DA:47,0
DA:49,0
DA:55,0
DA:57,0
DA:58,0
DA:60,0
DA:64,0
DA:67,0
DA:68,0
DA:70,0
DA:71,0
DA:75,0
DA:76,0
DA:78,0
DA:79,0
LF:17
LH:0
end_of_record
SF:lib/src/navigation/app_router_builder.dart
DA:13,0
DA:45,0
DA:46,0
DA:48,0
DA:49,0
DA:51,0
DA:53,0
DA:55,0
DA:56,0
DA:57,0
DA:58,0
DA:59,0
DA:60,0
DA:61,0
DA:62,0
DA:63,0
DA:64,0
DA:65,0
DA:69,0
DA:70,0
DA:75,0
DA:76,0
DA:77,0
DA:78,0
DA:79,0
DA:89,0
DA:90,0
DA:92,0
DA:93,0
DA:94,0
DA:95,0
DA:97,0
DA:101,0
DA:103,0
LF:34
LH:0
end_of_record
SF:lib/src/navigation/route_module.dart
DA:11,0
DA:20,0
DA:21,0
LF:3
LH:0
end_of_record
SF:lib/src/presentation/app_lifecycle_aware.dart
DA:32,0
DA:34,0
DA:35,0
DA:36,0
DA:39,0
DA:41,0
DA:43,0
DA:44,0
DA:45,0
DA:46,0
DA:47,0
DA:48,0
DA:49,0
DA:50,0
DA:51,0
DA:52,0
DA:56,0
DA:59,0
DA:62,0
DA:65,0
DA:68,0
DA:71,0
DA:73,0
DA:74,0
DA:75,0
DA:77,0
LF:26
LH:0
end_of_record
SF:lib/src/presentation/base_bloc.dart
DA:23,3
DA:26,1
DA:28,1
DA:29,1
DA:32,1
DA:34,3
DA:35,2
DA:39,1
DA:46,1
DA:47,2
DA:51,1
DA:53,2
DA:54,1
DA:56,2
DA:57,2
DA:58,1
DA:70,1
DA:74,0
DA:75,0
DA:79,0
DA:83,0
DA:84,0
LF:22
LH:17
end_of_record
SF:lib/src/presentation/paged_view_state.dart
DA:17,1
DA:35,3
DA:37,4
DA:39,0
DA:41,0
DA:43,3
DA:47,5
DA:49,2
DA:52,2
DA:57,1
DA:58,4
DA:60,1
DA:61,4
DA:64,1
DA:65,2
DA:70,1
DA:71,2
DA:74,1
DA:75,2
DA:76,1
DA:77,1
DA:78,1
DA:80,2
DA:85,1
DA:86,3
DA:88,0
DA:89,0
DA:91,0
LF:28
LH:23
end_of_record
SF:lib/src/presentation/view_state.dart
DA:23,1
DA:39,1
DA:40,1
DA:41,2
DA:45,2
DA:47,2
DA:50,0
DA:52,0
DA:57,1
DA:59,0
DA:64,1
DA:66,0
DA:71,1
DA:80,3
DA:82,3
DA:84,1
DA:85,3
DA:89,0
DA:95,0
DA:96,0
DA:100,1
DA:108,0
DA:109,0
LF:23
LH:14
end_of_record
