SF:lib/src/config/app_environment.dart
DA:11,0
DA:19,0
DA:21,0
DA:22,0
DA:23,0
DA:24,0
DA:38,0
DA:49,0
DA:50,0
DA:51,0
DA:58,0
DA:59,0
DA:71,0
DA:73,0
DA:74,0
DA:75,0
DA:76,0
DA:77,0
DA:78,0
DA:79,0
DA:80,0
DA:81,0
LF:22
LH:0
end_of_record
SF:lib/src/connectivity/connectivity_monitor.dart
DA:66,0
DA:68,0
DA:71,0
DA:74,0
DA:77,0
DA:80,0
DA:83,0
DA:86,0
DA:89,0
LF:9
LH:0
end_of_record
SF:lib/src/error/app_exception.dart
DA:10,1
DA:14,0
DA:15,0
LF:3
LH:1
end_of_record
SF:lib/src/error/failure.dart
DA:16,1
DA:34,1
DA:35,3
DA:39,0
DA:40,0
DA:42,0
DA:43,0
DA:48,1
DA:53,1
DA:58,1
DA:62,0
DA:63,0
DA:68,1
DA:73,0
DA:78,1
DA:83,1
DA:95,0
DA:96,0
DA:102,0
DA:114,0
DA:115,0
DA:121,0
DA:126,1
DA:131,0
DA:144,0
DA:145,0
DA:151,1
LF:27
LH:11
end_of_record
SF:lib/src/error/failure_mapper.dart
DA:15,0
DA:17,0
DA:19,0
DA:20,0
LF:4
LH:0
end_of_record
SF:lib/src/extensions/datetime_x.dart
DA:4,5
DA:6,5
DA:8,4
DA:10,5
DA:12,10
DA:14,0
DA:16,0
DA:20,0
DA:24,3
DA:30,1
DA:32,1
DA:33,2
DA:34,1
DA:35,2
DA:36,1
DA:37,0
DA:38,1
LF:17
LH:13
end_of_record
SF:lib/src/extensions/iterable_x.dart
DA:2,0
DA:4,0
DA:6,1
DA:7,2
DA:8,1
DA:13,1
DA:14,1
DA:15,2
DA:16,5
DA:23,1
DA:25,1
DA:26,1
DA:27,3
DA:32,1
DA:34,2
DA:35,1
DA:41,2
DA:43,2
LF:18
LH:16
end_of_record
SF:lib/src/extensions/num_x.dart
DA:4,0
DA:6,2
DA:8,0
DA:10,2
DA:12,0
DA:17,0
DA:19,0
DA:20,0
DA:22,0
DA:27,1
DA:28,1
DA:29,4
DA:30,4
DA:31,5
LF:14
LH:7
end_of_record
SF:lib/src/extensions/string_x.dart
DA:2,3
DA:4,2
DA:8,2
DA:10,0
DA:14,4
DA:16,5
DA:19,1
DA:20,6
DA:21,1
DA:22,5
DA:23,6
DA:26,3
DA:30,2
DA:32,2
DA:34,1
LF:15
LH:14
end_of_record
SF:lib/src/forms/form_inputs.dart
DA:19,0
DA:21,0
DA:26,0
DA:28,0
DA:29,0
DA:30,0
DA:31,0
DA:37,2
DA:39,2
DA:43,3
DA:45,1
DA:47,2
DA:48,3
DA:53,0
DA:55,2
DA:59,1
DA:61,1
DA:62,4
DA:63,4
DA:64,4
DA:65,4
DA:75,4
DA:89,0
DA:91,2
DA:95,1
DA:97,1
DA:98,2
DA:103,0
DA:105,2
DA:107,3
DA:109,1
DA:111,2
DA:112,1
DA:113,2
LF:34
LH:24
end_of_record
SF:lib/src/logging/app_logger.dart
DA:25,0
DA:37,0
DA:39,0
DA:40,0
DA:41,0
DA:42,0
DA:45,0
DA:46,0
DA:48,0
DA:49,0
DA:51,0
DA:52,0
DA:54,0
DA:56,0
DA:58,0
DA:60,0
DA:66,0
DA:68,0
DA:75,0
DA:79,0
DA:81,0
LF:21
LH:0
end_of_record
SF:lib/src/logging/log_redactor.dart
DA:40,3
DA:41,3
DA:42,3
DA:43,3
DA:44,3
DA:47,3
DA:48,2
DA:51,5
DA:53,1
DA:54,1
DA:56,5
DA:57,5
DA:58,2
DA:59,2
DA:60,2
DA:61,5
DA:62,2
DA:66,1
DA:67,1
DA:68,2
DA:69,6
DA:70,2
DA:73,3
DA:74,2
DA:80,1
DA:81,1
DA:82,1
DA:83,3
LF:28
LH:28
end_of_record
SF:lib/src/pagination/paged_list.dart
DA:7,1
DA:16,3
DA:18,4
DA:20,2
DA:22,2
DA:23,0
DA:24,1
DA:25,1
DA:26,1
DA:29,0
DA:30,0
DA:37,1
DA:39,1
DA:46,3
DA:50,2
DA:51,3
DA:52,1
DA:53,1
DA:54,1
DA:57,1
DA:58,7
DA:60,0
DA:61,0
LF:23
LH:18
end_of_record
SF:lib/src/result/result.dart
DA:27,1
DA:35,1
DA:37,1
DA:39,2
DA:45,1
DA:50,1
DA:52,2
DA:56,1
DA:63,2
DA:64,1
DA:65,1
DA:66,2
DA:71,1
DA:72,1
DA:73,2
DA:75,2
DA:76,1
DA:77,2
DA:78,1
DA:81,1
DA:84,2
DA:86,2
DA:90,1
DA:91,2
DA:92,1
DA:95,1
DA:96,1
DA:97,2
DA:100,0
DA:101,0
DA:102,0
DA:107,1
DA:108,3
DA:109,3
DA:113,1
DA:114,4
DA:115,3
DA:120,1
DA:121,3
DA:122,3
DA:126,0
DA:127,0
DA:128,0
DA:133,1
DA:134,1
DA:135,4
DA:142,1
DA:143,3
DA:148,1
DA:149,3
DA:156,3
DA:160,1
DA:164,1
DA:165,4
DA:167,0
DA:168,0
DA:170,0
DA:171,0
DA:175,1
DA:179,1
DA:180,4
DA:182,0
DA:183,0
DA:185,0
DA:186,0
DA:192,0
DA:194,0
DA:195,0
DA:197,0
DA:199,0
LF:70
LH:51
end_of_record
SF:lib/src/result/unit.dart
DA:6,4
DA:8,0
LF:2
LH:1
end_of_record
SF:lib/src/utils/debouncer.dart
DA:8,0
DA:13,0
DA:15,0
DA:16,0
DA:17,0
DA:21,0
DA:22,0
DA:23,0
DA:28,0
DA:29,0
DA:30,0
DA:31,0
DA:35,0
DA:42,0
DA:47,0
DA:48,0
DA:49,0
DA:50,0
DA:51,0
DA:55,0
LF:20
LH:0
end_of_record
