SF:lib/src/data/in_memory_article_repository.dart
DA:11,1
DA:25,1
DA:27,2
DA:29,1
DA:30,1
DA:32,6
DA:36,4
DA:37,2
DA:38,4
DA:41,4
DA:42,1
DA:43,2
DA:44,1
DA:45,1
DA:46,2
DA:48,3
DA:52,6
LF:17
LH:17
end_of_record
SF:lib/src/domain/article.dart
DA:7,1
DA:14,0
DA:15,0
LF:3
LH:1
end_of_record
SF:lib/src/presentation/article_list_bloc.dart
DA:6,1
DA:10,1
DA:14,1
DA:18,1
DA:32,2
DA:33,3
DA:34,3
DA:35,3
DA:40,0
DA:41,0
DA:42,0
DA:43,0
DA:46,0
DA:47,0
DA:48,0
DA:51,0
DA:52,0
DA:53,0
DA:54,0
DA:57,0
DA:58,0
DA:59,0
DA:62,0
DA:63,0
DA:64,0
DA:65,0
LF:26
LH:8
end_of_record
SF:lib/src/sample_mini_app.dart
DA:17,1
DA:23,1
DA:26,1
DA:28,1
DA:32,1
DA:33,1
DA:34,3
DA:38,1
DA:41,1
DA:42,1
DA:43,1
DA:44,1
DA:45,1
DA:47,0
DA:48,0
DA:54,1
DA:55,1
DA:56,1
DA:57,1
DA:64,0
DA:69,3
LF:21
LH:18
end_of_record
SF:lib/src/presentation/article_list_screen.dart
DA:11,1
DA:13,0
DA:15,0
DA:17,0
DA:18,0
DA:20,0
DA:21,0
DA:22,0
DA:23,0
DA:24,0
DA:27,0
DA:29,0
DA:37,0
DA:41,0
DA:43,0
DA:44,0
DA:45,0
DA:46,0
DA:47,0
DA:48,0
DA:50,0
DA:52,0
DA:53,0
DA:54,0
DA:55,0
DA:56,0
DA:57,0
DA:58,0
DA:59,0
LF:29
LH:1
end_of_record
