SF:lib/src/in_memory_store.dart
DA:11,3
DA:19,3
DA:21,1
DA:22,1
DA:23,1
DA:24,1
DA:26,3
DA:30,1
DA:31,4
DA:33,1
DA:34,2
DA:35,2
DA:39,1
DA:40,4
DA:42,1
DA:43,2
DA:44,2
DA:48,1
DA:49,4
DA:51,1
DA:52,2
DA:53,2
DA:57,1
DA:58,2
DA:59,2
DA:61,1
DA:68,1
DA:69,1
DA:72,1
DA:73,2
DA:74,3
DA:78,1
DA:79,4
DA:81,1
DA:82,2
DA:83,2
DA:87,1
DA:88,2
DA:89,2
LF:39
LH:39
end_of_record
SF:lib/src/preference_store_impl.dart
DA:17,1
DA:22,0
DA:24,2
DA:26,0
DA:29,1
DA:30,4
DA:32,1
DA:33,2
DA:34,2
DA:38,1
DA:39,4
DA:41,1
DA:42,2
DA:43,2
DA:47,1
DA:48,4
DA:50,1
DA:51,2
DA:52,2
DA:56,1
DA:58,2
DA:59,1
DA:60,1
DA:61,2
DA:62,3
DA:66,1
DA:67,2
DA:69,1
DA:70,4
DA:72,1
DA:73,2
DA:74,2
DA:78,1
DA:79,2
DA:80,2
LF:35
LH:33
end_of_record
SF:lib/src/secure_store_impl.dart
DA:17,1
DA:32,2
DA:34,3
DA:37,1
DA:38,4
DA:40,1
DA:41,2
DA:42,2
DA:46,1
DA:48,4
DA:50,1
DA:51,2
DA:53,1
DA:55,4
DA:57,1
DA:58,2
DA:60,1
DA:61,3
DA:62,1
DA:65,1
DA:66,2
DA:67,3
DA:71,1
DA:72,2
DA:74,1
DA:75,4
DA:77,1
DA:78,2
DA:79,2
DA:83,1
DA:84,2
DA:85,2
LF:32
LH:32
end_of_record
SF:lib/src/storage_module.dart
DA:15,0
DA:17,0
DA:21,0
DA:27,0
DA:28,0
LF:5
LH:0
end_of_record
