SF:lib/src/api_client.dart
DA:23,0
DA:31,0
DA:32,0
DA:33,0
DA:34,0
DA:35,0
DA:36,0
DA:40,0
DA:41,0
DA:52,0
DA:56,0
DA:58,0
DA:60,0
DA:61,0
DA:62,0
DA:63,0
DA:64,0
DA:65,0
DA:71,0
DA:81,0
DA:82,0
DA:83,0
DA:84,0
DA:85,0
DA:89,0
DA:90,0
DA:91,0
LF:27
LH:0
end_of_record
SF:lib/src/api_error_envelope.dart
DA:14,4
DA:31,1
DA:32,1
DA:34,2
DA:35,2
DA:39,4
DA:41,1
DA:42,1
DA:43,2
DA:44,1
DA:47,3
DA:48,1
DA:49,2
DA:50,1
DA:51,3
DA:53,1
DA:57,1
DA:58,5
DA:59,3
DA:61,1
DA:62,5
DA:73,1
DA:74,1
DA:75,2
DA:76,1
DA:77,5
DA:78,1
DA:79,2
LF:28
LH:28
end_of_record
SF:lib/src/auth_session_delegate.dart
DA:36,4
DA:38,0
DA:41,0
DA:44,0
DA:47,0
DA:62,4
DA:64,0
LF:7
LH:2
end_of_record
SF:lib/src/connectivity/connectivity_monitor_impl.dart
DA:18,1
DA:25,0
DA:27,0
DA:31,0
DA:60,0
DA:61,0
DA:62,0
DA:63,0
DA:70,0
DA:73,0
DA:75,0
DA:77,0
DA:78,0
DA:79,0
DA:80,0
DA:81,0
DA:82,0
DA:93,1
DA:94,1
DA:96,1
DA:97,2
DA:99,1
DA:100,2
DA:102,1
DA:104,5
DA:105,1
DA:108,1
DA:109,3
DA:113,1
DA:119,1
DA:122,1
DA:124,1
DA:127,1
DA:128,4
DA:129,1
DA:132,1
DA:133,1
DA:137,1
DA:141,1
DA:142,2
DA:144,2
DA:145,3
DA:146,1
DA:150,2
DA:152,1
DA:155,1
DA:159,1
DA:163,2
DA:164,2
DA:167,1
DA:170,1
DA:171,1
DA:172,1
DA:176,1
DA:177,2
DA:178,1
DA:179,5
DA:182,1
DA:187,2
DA:188,1
DA:190,2
DA:191,1
DA:192,4
DA:193,4
DA:196,1
DA:199,1
DA:200,2
DA:201,2
LF:68
LH:52
end_of_record
SF:lib/src/dio_failure_mapper.dart
DA:16,4
DA:18,1
DA:22,1
DA:23,2
DA:24,2
DA:25,2
DA:26,0
DA:28,2
DA:32,2
DA:34,2
DA:37,1
DA:38,5
DA:40,1
DA:41,1
DA:42,1
DA:44,1
DA:45,1
DA:46,1
DA:49,1
DA:50,1
DA:52,1
DA:53,1
DA:55,1
DA:58,2
DA:60,1
DA:61,1
DA:63,1
DA:64,1
DA:65,1
DA:66,2
DA:68,0
DA:72,1
DA:73,2
DA:74,3
DA:75,3
DA:76,1
DA:77,1
DA:80,2
DA:87,2
DA:94,2
DA:95,1
DA:96,2
DA:97,1
DA:106,4
DA:107,1
DA:114,1
LF:46
LH:44
end_of_record
SF:lib/src/interceptors/auth_interceptor.dart
DA:16,1
DA:36,1
DA:38,3
DA:40,2
DA:41,1
DA:42,3
DA:44,1
DA:47,1
DA:49,1
DA:50,3
DA:51,3
DA:53,2
DA:54,1
DA:57,1
DA:59,2
DA:60,1
DA:65,2
DA:66,2
DA:67,1
DA:68,3
DA:70,2
DA:71,1
DA:72,1
DA:73,1
DA:78,1
DA:79,1
DA:82,1
DA:83,1
DA:84,1
DA:85,0
DA:88,3
DA:90,1
LF:32
LH:31
end_of_record
SF:lib/src/interceptors/connectivity_interceptor.dart
DA:11,0
DA:15,0
DA:17,0
DA:18,0
DA:21,0
DA:23,0
DA:24,0
DA:25,0
DA:26,0
DA:28,0
DA:32,0
DA:34,0
DA:35,0
DA:36,0
DA:37,0
DA:38,0
DA:39,0
DA:44,0
LF:18
LH:0
end_of_record
SF:lib/src/interceptors/logging_interceptor.dart
DA:15,0
DA:27,0
DA:29,0
DA:30,0
DA:31,0
DA:34,0
DA:36,0
DA:37,0
DA:38,0
DA:39,0
DA:42,0
DA:44,0
DA:45,0
DA:46,0
DA:47,0
DA:50,0
DA:53,0
DA:54,0
DA:55,0
DA:56,0
DA:59,0
DA:60,0
DA:62,0
DA:64,0
DA:65,0
DA:67,0
DA:69,0
DA:71,0
DA:75,0
DA:76,0
DA:77,0
DA:78,0
DA:81,0
DA:82,0
DA:83,0
DA:84,0
DA:85,0
DA:87,0
DA:88,0
DA:90,0
LF:40
LH:0
end_of_record
SF:lib/src/interceptors/request_context_interceptor.dart
DA:10,0
DA:14,0
DA:16,0
DA:17,0
DA:18,0
DA:20,0
LF:6
LH:0
end_of_record
SF:lib/src/interceptors/retry_interceptor.dart
DA:19,1
DA:28,0
DA:43,1
DA:45,2
DA:47,1
DA:56,3
DA:57,2
DA:58,2
DA:59,6
DA:62,1
DA:64,2
DA:66,3
DA:67,1
DA:71,1
DA:75,1
DA:78,1
DA:79,3
DA:80,1
DA:82,4
DA:84,1
DA:85,1
DA:86,1
DA:87,1
DA:88,1
DA:89,4
DA:95,1
DA:96,5
DA:97,3
DA:98,7
LF:29
LH:28
end_of_record
